[00:04:17] [AutoSaveWorld AutoSaveThread/INFO]: [0;34;1mAutoSaving[m
[00:04:18] [AutoSaveWorld AutoSaveThread/ERROR]: [AutoSaveWorld] Could not dump RegionFileCache
java.lang.RuntimeException: Can't find method saveLevel with params length 0
	at autosaveworld.utils.ReflectionUtils.getMethod(ReflectionUtils.java:49) ~[AutoSaveWorld.jar:?]
	at autosaveworld.features.save.AutoSaveThread.dumpRegionCache(AutoSaveThread.java:135) [AutoSaveWorld.jar:?]
	at autosaveworld.features.save.AutoSaveThread.performSave(AutoSaveThread.java:122) [AutoSaveWorld.jar:?]
	at autosaveworld.features.save.AutoSaveThread.doTask(AutoSaveThread.java:70) [AutoSaveWorld.jar:?]
	at autosaveworld.utils.Threads$IntervalTaskThread.run(Threads.java:103) [AutoSaveWorld.jar:?]
[00:04:18] [AutoSaveWorld AutoSaveThread/ERROR]: [AutoSaveWorld] Could not dump RegionFileCache
java.lang.RuntimeException: Can't find method saveLevel with params length 0
	at autosaveworld.utils.ReflectionUtils.getMethod(ReflectionUtils.java:49) ~[AutoSaveWorld.jar:?]
	at autosaveworld.features.save.AutoSaveThread.dumpRegionCache(AutoSaveThread.java:135) [AutoSaveWorld.jar:?]
	at autosaveworld.features.save.AutoSaveThread.performSave(AutoSaveThread.java:122) [AutoSaveWorld.jar:?]
	at autosaveworld.features.save.AutoSaveThread.doTask(AutoSaveThread.java:70) [AutoSaveWorld.jar:?]
	at autosaveworld.utils.Threads$IntervalTaskThread.run(Threads.java:103) [AutoSaveWorld.jar:?]
[00:04:18] [AutoSaveWorld AutoSaveThread/ERROR]: [AutoSaveWorld] Could not dump RegionFileCache
java.lang.RuntimeException: Can't find method saveLevel with params length 0
	at autosaveworld.utils.ReflectionUtils.getMethod(ReflectionUtils.java:49) ~[AutoSaveWorld.jar:?]
	at autosaveworld.features.save.AutoSaveThread.dumpRegionCache(AutoSaveThread.java:135) [AutoSaveWorld.jar:?]
	at autosaveworld.features.save.AutoSaveThread.performSave(AutoSaveThread.java:122) [AutoSaveWorld.jar:?]
	at autosaveworld.features.save.AutoSaveThread.doTask(AutoSaveThread.java:70) [AutoSaveWorld.jar:?]
	at autosaveworld.utils.Threads$IntervalTaskThread.run(Threads.java:103) [AutoSaveWorld.jar:?]
[00:04:18] [AutoSaveWorld AutoSaveThread/INFO]: [0;34;1mAutoSave Complete[m
[00:19:19] [AutoSaveWorld AutoSaveThread/INFO]: [0;34;1mAutoSaving[m
[00:19:19] [AutoSaveWorld AutoSaveThread/ERROR]: [AutoSaveWorld] Could not dump RegionFileCache
java.lang.RuntimeException: Can't find method saveLevel with params length 0
	at autosaveworld.utils.ReflectionUtils.getMethod(ReflectionUtils.java:49) ~[AutoSaveWorld.jar:?]
	at autosaveworld.features.save.AutoSaveThread.dumpRegionCache(AutoSaveThread.java:135) [AutoSaveWorld.jar:?]
	at autosaveworld.features.save.AutoSaveThread.performSave(AutoSaveThread.java:122) [AutoSaveWorld.jar:?]
	at autosaveworld.features.save.AutoSaveThread.doTask(AutoSaveThread.java:70) [AutoSaveWorld.jar:?]
	at autosaveworld.utils.Threads$IntervalTaskThread.run(Threads.java:103) [AutoSaveWorld.jar:?]
[00:19:19] [AutoSaveWorld AutoSaveThread/ERROR]: [AutoSaveWorld] Could not dump RegionFileCache
java.lang.RuntimeException: Can't find method saveLevel with params length 0
	at autosaveworld.utils.ReflectionUtils.getMethod(ReflectionUtils.java:49) ~[AutoSaveWorld.jar:?]
	at autosaveworld.features.save.AutoSaveThread.dumpRegionCache(AutoSaveThread.java:135) [AutoSaveWorld.jar:?]
	at autosaveworld.features.save.AutoSaveThread.performSave(AutoSaveThread.java:122) [AutoSaveWorld.jar:?]
	at autosaveworld.features.save.AutoSaveThread.doTask(AutoSaveThread.java:70) [AutoSaveWorld.jar:?]
	at autosaveworld.utils.Threads$IntervalTaskThread.run(Threads.java:103) [AutoSaveWorld.jar:?]
[00:19:19] [AutoSaveWorld AutoSaveThread/ERROR]: [AutoSaveWorld] Could not dump RegionFileCache
java.lang.RuntimeException: Can't find method saveLevel with params length 0
	at autosaveworld.utils.ReflectionUtils.getMethod(ReflectionUtils.java:49) ~[AutoSaveWorld.jar:?]
	at autosaveworld.features.save.AutoSaveThread.dumpRegionCache(AutoSaveThread.java:135) [AutoSaveWorld.jar:?]
	at autosaveworld.features.save.AutoSaveThread.performSave(AutoSaveThread.java:122) [AutoSaveWorld.jar:?]
	at autosaveworld.features.save.AutoSaveThread.doTask(AutoSaveThread.java:70) [AutoSaveWorld.jar:?]
	at autosaveworld.utils.Threads$IntervalTaskThread.run(Threads.java:103) [AutoSaveWorld.jar:?]
[00:19:19] [AutoSaveWorld AutoSaveThread/INFO]: [0;34;1mAutoSave Complete[m
[00:34:20] [AutoSaveWorld AutoSaveThread/INFO]: [0;34;1mAutoSaving[m
[00:34:21] [AutoSaveWorld AutoSaveThread/ERROR]: [AutoSaveWorld] Could not dump RegionFileCache
java.lang.RuntimeException: Can't find method saveLevel with params length 0
	at autosaveworld.utils.ReflectionUtils.getMethod(ReflectionUtils.java:49) ~[AutoSaveWorld.jar:?]
	at autosaveworld.features.save.AutoSaveThread.dumpRegionCache(AutoSaveThread.java:135) [AutoSaveWorld.jar:?]
	at autosaveworld.features.save.AutoSaveThread.performSave(AutoSaveThread.java:122) [AutoSaveWorld.jar:?]
	at autosaveworld.features.save.AutoSaveThread.doTask(AutoSaveThread.java:70) [AutoSaveWorld.jar:?]
	at autosaveworld.utils.Threads$IntervalTaskThread.run(Threads.java:103) [AutoSaveWorld.jar:?]
[00:34:21] [AutoSaveWorld AutoSaveThread/ERROR]: [AutoSaveWorld] Could not dump RegionFileCache
java.lang.RuntimeException: Can't find method saveLevel with params length 0
	at autosaveworld.utils.ReflectionUtils.getMethod(ReflectionUtils.java:49) ~[AutoSaveWorld.jar:?]
	at autosaveworld.features.save.AutoSaveThread.dumpRegionCache(AutoSaveThread.java:135) [AutoSaveWorld.jar:?]
	at autosaveworld.features.save.AutoSaveThread.performSave(AutoSaveThread.java:122) [AutoSaveWorld.jar:?]
	at autosaveworld.features.save.AutoSaveThread.doTask(AutoSaveThread.java:70) [AutoSaveWorld.jar:?]
	at autosaveworld.utils.Threads$IntervalTaskThread.run(Threads.java:103) [AutoSaveWorld.jar:?]
[00:34:21] [AutoSaveWorld AutoSaveThread/ERROR]: [AutoSaveWorld] Could not dump RegionFileCache
java.lang.RuntimeException: Can't find method saveLevel with params length 0
	at autosaveworld.utils.ReflectionUtils.getMethod(ReflectionUtils.java:49) ~[AutoSaveWorld.jar:?]
	at autosaveworld.features.save.AutoSaveThread.dumpRegionCache(AutoSaveThread.java:135) [AutoSaveWorld.jar:?]
	at autosaveworld.features.save.AutoSaveThread.performSave(AutoSaveThread.java:122) [AutoSaveWorld.jar:?]
	at autosaveworld.features.save.AutoSaveThread.doTask(AutoSaveThread.java:70) [AutoSaveWorld.jar:?]
	at autosaveworld.utils.Threads$IntervalTaskThread.run(Threads.java:103) [AutoSaveWorld.jar:?]
[00:34:21] [AutoSaveWorld AutoSaveThread/INFO]: [0;34;1mAutoSave Complete[m
[00:49:22] [AutoSaveWorld AutoSaveThread/INFO]: [0;34;1mAutoSaving[m
[00:49:22] [AutoSaveWorld AutoSaveThread/ERROR]: [AutoSaveWorld] Could not dump RegionFileCache
java.lang.RuntimeException: Can't find method saveLevel with params length 0
	at autosaveworld.utils.ReflectionUtils.getMethod(ReflectionUtils.java:49) ~[AutoSaveWorld.jar:?]
	at autosaveworld.features.save.AutoSaveThread.dumpRegionCache(AutoSaveThread.java:135) [AutoSaveWorld.jar:?]
	at autosaveworld.features.save.AutoSaveThread.performSave(AutoSaveThread.java:122) [AutoSaveWorld.jar:?]
	at autosaveworld.features.save.AutoSaveThread.doTask(AutoSaveThread.java:70) [AutoSaveWorld.jar:?]
	at autosaveworld.utils.Threads$IntervalTaskThread.run(Threads.java:103) [AutoSaveWorld.jar:?]
[00:49:22] [AutoSaveWorld AutoSaveThread/ERROR]: [AutoSaveWorld] Could not dump RegionFileCache
java.lang.RuntimeException: Can't find method saveLevel with params length 0
	at autosaveworld.utils.ReflectionUtils.getMethod(ReflectionUtils.java:49) ~[AutoSaveWorld.jar:?]
	at autosaveworld.features.save.AutoSaveThread.dumpRegionCache(AutoSaveThread.java:135) [AutoSaveWorld.jar:?]
	at autosaveworld.features.save.AutoSaveThread.performSave(AutoSaveThread.java:122) [AutoSaveWorld.jar:?]
	at autosaveworld.features.save.AutoSaveThread.doTask(AutoSaveThread.java:70) [AutoSaveWorld.jar:?]
	at autosaveworld.utils.Threads$IntervalTaskThread.run(Threads.java:103) [AutoSaveWorld.jar:?]
[00:49:22] [AutoSaveWorld AutoSaveThread/ERROR]: [AutoSaveWorld] Could not dump RegionFileCache
java.lang.RuntimeException: Can't find method saveLevel with params length 0
	at autosaveworld.utils.ReflectionUtils.getMethod(ReflectionUtils.java:49) ~[AutoSaveWorld.jar:?]
	at autosaveworld.features.save.AutoSaveThread.dumpRegionCache(AutoSaveThread.java:135) [AutoSaveWorld.jar:?]
	at autosaveworld.features.save.AutoSaveThread.performSave(AutoSaveThread.java:122) [AutoSaveWorld.jar:?]
	at autosaveworld.features.save.AutoSaveThread.doTask(AutoSaveThread.java:70) [AutoSaveWorld.jar:?]
	at autosaveworld.utils.Threads$IntervalTaskThread.run(Threads.java:103) [AutoSaveWorld.jar:?]
[00:49:22] [AutoSaveWorld AutoSaveThread/INFO]: [0;34;1mAutoSave Complete[m
[01:04:23] [AutoSaveWorld AutoSaveThread/INFO]: [0;34;1mAutoSaving[m
[01:04:23] [AutoSaveWorld AutoSaveThread/ERROR]: [AutoSaveWorld] Could not dump RegionFileCache
java.lang.RuntimeException: Can't find method saveLevel with params length 0
	at autosaveworld.utils.ReflectionUtils.getMethod(ReflectionUtils.java:49) ~[AutoSaveWorld.jar:?]
	at autosaveworld.features.save.AutoSaveThread.dumpRegionCache(AutoSaveThread.java:135) [AutoSaveWorld.jar:?]
	at autosaveworld.features.save.AutoSaveThread.performSave(AutoSaveThread.java:122) [AutoSaveWorld.jar:?]
	at autosaveworld.features.save.AutoSaveThread.doTask(AutoSaveThread.java:70) [AutoSaveWorld.jar:?]
	at autosaveworld.utils.Threads$IntervalTaskThread.run(Threads.java:103) [AutoSaveWorld.jar:?]
[01:04:23] [AutoSaveWorld AutoSaveThread/ERROR]: [AutoSaveWorld] Could not dump RegionFileCache
java.lang.RuntimeException: Can't find method saveLevel with params length 0
	at autosaveworld.utils.ReflectionUtils.getMethod(ReflectionUtils.java:49) ~[AutoSaveWorld.jar:?]
	at autosaveworld.features.save.AutoSaveThread.dumpRegionCache(AutoSaveThread.java:135) [AutoSaveWorld.jar:?]
	at autosaveworld.features.save.AutoSaveThread.performSave(AutoSaveThread.java:122) [AutoSaveWorld.jar:?]
	at autosaveworld.features.save.AutoSaveThread.doTask(AutoSaveThread.java:70) [AutoSaveWorld.jar:?]
	at autosaveworld.utils.Threads$IntervalTaskThread.run(Threads.java:103) [AutoSaveWorld.jar:?]
[01:04:23] [AutoSaveWorld AutoSaveThread/ERROR]: [AutoSaveWorld] Could not dump RegionFileCache
java.lang.RuntimeException: Can't find method saveLevel with params length 0
	at autosaveworld.utils.ReflectionUtils.getMethod(ReflectionUtils.java:49) ~[AutoSaveWorld.jar:?]
	at autosaveworld.features.save.AutoSaveThread.dumpRegionCache(AutoSaveThread.java:135) [AutoSaveWorld.jar:?]
	at autosaveworld.features.save.AutoSaveThread.performSave(AutoSaveThread.java:122) [AutoSaveWorld.jar:?]
	at autosaveworld.features.save.AutoSaveThread.doTask(AutoSaveThread.java:70) [AutoSaveWorld.jar:?]
	at autosaveworld.utils.Threads$IntervalTaskThread.run(Threads.java:103) [AutoSaveWorld.jar:?]
[01:04:23] [AutoSaveWorld AutoSaveThread/INFO]: [0;34;1mAutoSave Complete[m
[01:19:25] [AutoSaveWorld AutoSaveThread/INFO]: [0;34;1mAutoSaving[m
[01:19:25] [AutoSaveWorld AutoSaveThread/ERROR]: [AutoSaveWorld] Could not dump RegionFileCache
java.lang.RuntimeException: Can't find method saveLevel with params length 0
	at autosaveworld.utils.ReflectionUtils.getMethod(ReflectionUtils.java:49) ~[AutoSaveWorld.jar:?]
	at autosaveworld.features.save.AutoSaveThread.dumpRegionCache(AutoSaveThread.java:135) [AutoSaveWorld.jar:?]
	at autosaveworld.features.save.AutoSaveThread.performSave(AutoSaveThread.java:122) [AutoSaveWorld.jar:?]
	at autosaveworld.features.save.AutoSaveThread.doTask(AutoSaveThread.java:70) [AutoSaveWorld.jar:?]
	at autosaveworld.utils.Threads$IntervalTaskThread.run(Threads.java:103) [AutoSaveWorld.jar:?]
[01:19:25] [AutoSaveWorld AutoSaveThread/ERROR]: [AutoSaveWorld] Could not dump RegionFileCache
java.lang.RuntimeException: Can't find method saveLevel with params length 0
	at autosaveworld.utils.ReflectionUtils.getMethod(ReflectionUtils.java:49) ~[AutoSaveWorld.jar:?]
	at autosaveworld.features.save.AutoSaveThread.dumpRegionCache(AutoSaveThread.java:135) [AutoSaveWorld.jar:?]
	at autosaveworld.features.save.AutoSaveThread.performSave(AutoSaveThread.java:122) [AutoSaveWorld.jar:?]
	at autosaveworld.features.save.AutoSaveThread.doTask(AutoSaveThread.java:70) [AutoSaveWorld.jar:?]
	at autosaveworld.utils.Threads$IntervalTaskThread.run(Threads.java:103) [AutoSaveWorld.jar:?]
[01:19:25] [AutoSaveWorld AutoSaveThread/ERROR]: [AutoSaveWorld] Could not dump RegionFileCache
java.lang.RuntimeException: Can't find method saveLevel with params length 0
	at autosaveworld.utils.ReflectionUtils.getMethod(ReflectionUtils.java:49) ~[AutoSaveWorld.jar:?]
	at autosaveworld.features.save.AutoSaveThread.dumpRegionCache(AutoSaveThread.java:135) [AutoSaveWorld.jar:?]
	at autosaveworld.features.save.AutoSaveThread.performSave(AutoSaveThread.java:122) [AutoSaveWorld.jar:?]
	at autosaveworld.features.save.AutoSaveThread.doTask(AutoSaveThread.java:70) [AutoSaveWorld.jar:?]
	at autosaveworld.utils.Threads$IntervalTaskThread.run(Threads.java:103) [AutoSaveWorld.jar:?]
[01:19:25] [AutoSaveWorld AutoSaveThread/INFO]: [0;34;1mAutoSave Complete[m
[01:34:26] [AutoSaveWorld AutoSaveThread/INFO]: [0;34;1mAutoSaving[m
[01:34:26] [AutoSaveWorld AutoSaveThread/ERROR]: [AutoSaveWorld] Could not dump RegionFileCache
java.lang.RuntimeException: Can't find method saveLevel with params length 0
	at autosaveworld.utils.ReflectionUtils.getMethod(ReflectionUtils.java:49) ~[AutoSaveWorld.jar:?]
	at autosaveworld.features.save.AutoSaveThread.dumpRegionCache(AutoSaveThread.java:135) [AutoSaveWorld.jar:?]
	at autosaveworld.features.save.AutoSaveThread.performSave(AutoSaveThread.java:122) [AutoSaveWorld.jar:?]
	at autosaveworld.features.save.AutoSaveThread.doTask(AutoSaveThread.java:70) [AutoSaveWorld.jar:?]
	at autosaveworld.utils.Threads$IntervalTaskThread.run(Threads.java:103) [AutoSaveWorld.jar:?]
[01:34:26] [AutoSaveWorld AutoSaveThread/ERROR]: [AutoSaveWorld] Could not dump RegionFileCache
java.lang.RuntimeException: Can't find method saveLevel with params length 0
	at autosaveworld.utils.ReflectionUtils.getMethod(ReflectionUtils.java:49) ~[AutoSaveWorld.jar:?]
	at autosaveworld.features.save.AutoSaveThread.dumpRegionCache(AutoSaveThread.java:135) [AutoSaveWorld.jar:?]
	at autosaveworld.features.save.AutoSaveThread.performSave(AutoSaveThread.java:122) [AutoSaveWorld.jar:?]
	at autosaveworld.features.save.AutoSaveThread.doTask(AutoSaveThread.java:70) [AutoSaveWorld.jar:?]
	at autosaveworld.utils.Threads$IntervalTaskThread.run(Threads.java:103) [AutoSaveWorld.jar:?]
[01:34:26] [AutoSaveWorld AutoSaveThread/ERROR]: [AutoSaveWorld] Could not dump RegionFileCache
java.lang.RuntimeException: Can't find method saveLevel with params length 0
	at autosaveworld.utils.ReflectionUtils.getMethod(ReflectionUtils.java:49) ~[AutoSaveWorld.jar:?]
	at autosaveworld.features.save.AutoSaveThread.dumpRegionCache(AutoSaveThread.java:135) [AutoSaveWorld.jar:?]
	at autosaveworld.features.save.AutoSaveThread.performSave(AutoSaveThread.java:122) [AutoSaveWorld.jar:?]
	at autosaveworld.features.save.AutoSaveThread.doTask(AutoSaveThread.java:70) [AutoSaveWorld.jar:?]
	at autosaveworld.utils.Threads$IntervalTaskThread.run(Threads.java:103) [AutoSaveWorld.jar:?]
[01:34:26] [AutoSaveWorld AutoSaveThread/INFO]: [0;34;1mAutoSave Complete[m
[01:49:27] [AutoSaveWorld AutoSaveThread/INFO]: [0;34;1mAutoSaving[m
[01:49:28] [AutoSaveWorld AutoSaveThread/ERROR]: [AutoSaveWorld] Could not dump RegionFileCache
java.lang.RuntimeException: Can't find method saveLevel with params length 0
	at autosaveworld.utils.ReflectionUtils.getMethod(ReflectionUtils.java:49) ~[AutoSaveWorld.jar:?]
	at autosaveworld.features.save.AutoSaveThread.dumpRegionCache(AutoSaveThread.java:135) [AutoSaveWorld.jar:?]
	at autosaveworld.features.save.AutoSaveThread.performSave(AutoSaveThread.java:122) [AutoSaveWorld.jar:?]
	at autosaveworld.features.save.AutoSaveThread.doTask(AutoSaveThread.java:70) [AutoSaveWorld.jar:?]
	at autosaveworld.utils.Threads$IntervalTaskThread.run(Threads.java:103) [AutoSaveWorld.jar:?]
[01:49:28] [AutoSaveWorld AutoSaveThread/ERROR]: [AutoSaveWorld] Could not dump RegionFileCache
java.lang.RuntimeException: Can't find method saveLevel with params length 0
	at autosaveworld.utils.ReflectionUtils.getMethod(ReflectionUtils.java:49) ~[AutoSaveWorld.jar:?]
	at autosaveworld.features.save.AutoSaveThread.dumpRegionCache(AutoSaveThread.java:135) [AutoSaveWorld.jar:?]
	at autosaveworld.features.save.AutoSaveThread.performSave(AutoSaveThread.java:122) [AutoSaveWorld.jar:?]
	at autosaveworld.features.save.AutoSaveThread.doTask(AutoSaveThread.java:70) [AutoSaveWorld.jar:?]
	at autosaveworld.utils.Threads$IntervalTaskThread.run(Threads.java:103) [AutoSaveWorld.jar:?]
[01:49:28] [AutoSaveWorld AutoSaveThread/ERROR]: [AutoSaveWorld] Could not dump RegionFileCache
java.lang.RuntimeException: Can't find method saveLevel with params length 0
	at autosaveworld.utils.ReflectionUtils.getMethod(ReflectionUtils.java:49) ~[AutoSaveWorld.jar:?]
	at autosaveworld.features.save.AutoSaveThread.dumpRegionCache(AutoSaveThread.java:135) [AutoSaveWorld.jar:?]
	at autosaveworld.features.save.AutoSaveThread.performSave(AutoSaveThread.java:122) [AutoSaveWorld.jar:?]
	at autosaveworld.features.save.AutoSaveThread.doTask(AutoSaveThread.java:70) [AutoSaveWorld.jar:?]
	at autosaveworld.utils.Threads$IntervalTaskThread.run(Threads.java:103) [AutoSaveWorld.jar:?]
[01:49:28] [AutoSaveWorld AutoSaveThread/INFO]: [0;34;1mAutoSave Complete[m
[02:04:29] [AutoSaveWorld AutoSaveThread/INFO]: [0;34;1mAutoSaving[m
[02:04:29] [AutoSaveWorld AutoSaveThread/ERROR]: [AutoSaveWorld] Could not dump RegionFileCache
java.lang.RuntimeException: Can't find method saveLevel with params length 0
	at autosaveworld.utils.ReflectionUtils.getMethod(ReflectionUtils.java:49) ~[AutoSaveWorld.jar:?]
	at autosaveworld.features.save.AutoSaveThread.dumpRegionCache(AutoSaveThread.java:135) [AutoSaveWorld.jar:?]
	at autosaveworld.features.save.AutoSaveThread.performSave(AutoSaveThread.java:122) [AutoSaveWorld.jar:?]
	at autosaveworld.features.save.AutoSaveThread.doTask(AutoSaveThread.java:70) [AutoSaveWorld.jar:?]
	at autosaveworld.utils.Threads$IntervalTaskThread.run(Threads.java:103) [AutoSaveWorld.jar:?]
[02:04:29] [AutoSaveWorld AutoSaveThread/ERROR]: [AutoSaveWorld] Could not dump RegionFileCache
java.lang.RuntimeException: Can't find method saveLevel with params length 0
	at autosaveworld.utils.ReflectionUtils.getMethod(ReflectionUtils.java:49) ~[AutoSaveWorld.jar:?]
	at autosaveworld.features.save.AutoSaveThread.dumpRegionCache(AutoSaveThread.java:135) [AutoSaveWorld.jar:?]
	at autosaveworld.features.save.AutoSaveThread.performSave(AutoSaveThread.java:122) [AutoSaveWorld.jar:?]
	at autosaveworld.features.save.AutoSaveThread.doTask(AutoSaveThread.java:70) [AutoSaveWorld.jar:?]
	at autosaveworld.utils.Threads$IntervalTaskThread.run(Threads.java:103) [AutoSaveWorld.jar:?]
[02:04:29] [AutoSaveWorld AutoSaveThread/ERROR]: [AutoSaveWorld] Could not dump RegionFileCache
java.lang.RuntimeException: Can't find method saveLevel with params length 0
	at autosaveworld.utils.ReflectionUtils.getMethod(ReflectionUtils.java:49) ~[AutoSaveWorld.jar:?]
	at autosaveworld.features.save.AutoSaveThread.dumpRegionCache(AutoSaveThread.java:135) [AutoSaveWorld.jar:?]
	at autosaveworld.features.save.AutoSaveThread.performSave(AutoSaveThread.java:122) [AutoSaveWorld.jar:?]
	at autosaveworld.features.save.AutoSaveThread.doTask(AutoSaveThread.java:70) [AutoSaveWorld.jar:?]
	at autosaveworld.utils.Threads$IntervalTaskThread.run(Threads.java:103) [AutoSaveWorld.jar:?]
[02:04:29] [AutoSaveWorld AutoSaveThread/INFO]: [0;34;1mAutoSave Complete[m
[02:19:30] [AutoSaveWorld AutoSaveThread/INFO]: [0;34;1mAutoSaving[m
[02:19:31] [AutoSaveWorld AutoSaveThread/ERROR]: [AutoSaveWorld] Could not dump RegionFileCache
java.lang.RuntimeException: Can't find method saveLevel with params length 0
	at autosaveworld.utils.ReflectionUtils.getMethod(ReflectionUtils.java:49) ~[AutoSaveWorld.jar:?]
	at autosaveworld.features.save.AutoSaveThread.dumpRegionCache(AutoSaveThread.java:135) [AutoSaveWorld.jar:?]
	at autosaveworld.features.save.AutoSaveThread.performSave(AutoSaveThread.java:122) [AutoSaveWorld.jar:?]
	at autosaveworld.features.save.AutoSaveThread.doTask(AutoSaveThread.java:70) [AutoSaveWorld.jar:?]
	at autosaveworld.utils.Threads$IntervalTaskThread.run(Threads.java:103) [AutoSaveWorld.jar:?]
[02:19:31] [AutoSaveWorld AutoSaveThread/ERROR]: [AutoSaveWorld] Could not dump RegionFileCache
java.lang.RuntimeException: Can't find method saveLevel with params length 0
	at autosaveworld.utils.ReflectionUtils.getMethod(ReflectionUtils.java:49) ~[AutoSaveWorld.jar:?]
	at autosaveworld.features.save.AutoSaveThread.dumpRegionCache(AutoSaveThread.java:135) [AutoSaveWorld.jar:?]
	at autosaveworld.features.save.AutoSaveThread.performSave(AutoSaveThread.java:122) [AutoSaveWorld.jar:?]
	at autosaveworld.features.save.AutoSaveThread.doTask(AutoSaveThread.java:70) [AutoSaveWorld.jar:?]
	at autosaveworld.utils.Threads$IntervalTaskThread.run(Threads.java:103) [AutoSaveWorld.jar:?]
[02:19:31] [AutoSaveWorld AutoSaveThread/ERROR]: [AutoSaveWorld] Could not dump RegionFileCache
java.lang.RuntimeException: Can't find method saveLevel with params length 0
	at autosaveworld.utils.ReflectionUtils.getMethod(ReflectionUtils.java:49) ~[AutoSaveWorld.jar:?]
	at autosaveworld.features.save.AutoSaveThread.dumpRegionCache(AutoSaveThread.java:135) [AutoSaveWorld.jar:?]
	at autosaveworld.features.save.AutoSaveThread.performSave(AutoSaveThread.java:122) [AutoSaveWorld.jar:?]
	at autosaveworld.features.save.AutoSaveThread.doTask(AutoSaveThread.java:70) [AutoSaveWorld.jar:?]
	at autosaveworld.utils.Threads$IntervalTaskThread.run(Threads.java:103) [AutoSaveWorld.jar:?]
[02:19:31] [AutoSaveWorld AutoSaveThread/INFO]: [0;34;1mAutoSave Complete[m
[02:34:32] [AutoSaveWorld AutoSaveThread/INFO]: [0;34;1mAutoSaving[m
[02:34:32] [AutoSaveWorld AutoSaveThread/ERROR]: [AutoSaveWorld] Could not dump RegionFileCache
java.lang.RuntimeException: Can't find method saveLevel with params length 0
	at autosaveworld.utils.ReflectionUtils.getMethod(ReflectionUtils.java:49) ~[AutoSaveWorld.jar:?]
	at autosaveworld.features.save.AutoSaveThread.dumpRegionCache(AutoSaveThread.java:135) [AutoSaveWorld.jar:?]
	at autosaveworld.features.save.AutoSaveThread.performSave(AutoSaveThread.java:122) [AutoSaveWorld.jar:?]
	at autosaveworld.features.save.AutoSaveThread.doTask(AutoSaveThread.java:70) [AutoSaveWorld.jar:?]
	at autosaveworld.utils.Threads$IntervalTaskThread.run(Threads.java:103) [AutoSaveWorld.jar:?]
[02:34:32] [AutoSaveWorld AutoSaveThread/ERROR]: [AutoSaveWorld] Could not dump RegionFileCache
java.lang.RuntimeException: Can't find method saveLevel with params length 0
	at autosaveworld.utils.ReflectionUtils.getMethod(ReflectionUtils.java:49) ~[AutoSaveWorld.jar:?]
	at autosaveworld.features.save.AutoSaveThread.dumpRegionCache(AutoSaveThread.java:135) [AutoSaveWorld.jar:?]
	at autosaveworld.features.save.AutoSaveThread.performSave(AutoSaveThread.java:122) [AutoSaveWorld.jar:?]
	at autosaveworld.features.save.AutoSaveThread.doTask(AutoSaveThread.java:70) [AutoSaveWorld.jar:?]
	at autosaveworld.utils.Threads$IntervalTaskThread.run(Threads.java:103) [AutoSaveWorld.jar:?]
[02:34:32] [AutoSaveWorld AutoSaveThread/ERROR]: [AutoSaveWorld] Could not dump RegionFileCache
java.lang.RuntimeException: Can't find method saveLevel with params length 0
	at autosaveworld.utils.ReflectionUtils.getMethod(ReflectionUtils.java:49) ~[AutoSaveWorld.jar:?]
	at autosaveworld.features.save.AutoSaveThread.dumpRegionCache(AutoSaveThread.java:135) [AutoSaveWorld.jar:?]
	at autosaveworld.features.save.AutoSaveThread.performSave(AutoSaveThread.java:122) [AutoSaveWorld.jar:?]
	at autosaveworld.features.save.AutoSaveThread.doTask(AutoSaveThread.java:70) [AutoSaveWorld.jar:?]
	at autosaveworld.utils.Threads$IntervalTaskThread.run(Threads.java:103) [AutoSaveWorld.jar:?]
[02:34:32] [AutoSaveWorld AutoSaveThread/INFO]: [0;34;1mAutoSave Complete[m
[02:49:33] [AutoSaveWorld AutoSaveThread/INFO]: [0;34;1mAutoSaving[m
[02:49:33] [AutoSaveWorld AutoSaveThread/ERROR]: [AutoSaveWorld] Could not dump RegionFileCache
java.lang.RuntimeException: Can't find method saveLevel with params length 0
	at autosaveworld.utils.ReflectionUtils.getMethod(ReflectionUtils.java:49) ~[AutoSaveWorld.jar:?]
	at autosaveworld.features.save.AutoSaveThread.dumpRegionCache(AutoSaveThread.java:135) [AutoSaveWorld.jar:?]
	at autosaveworld.features.save.AutoSaveThread.performSave(AutoSaveThread.java:122) [AutoSaveWorld.jar:?]
	at autosaveworld.features.save.AutoSaveThread.doTask(AutoSaveThread.java:70) [AutoSaveWorld.jar:?]
	at autosaveworld.utils.Threads$IntervalTaskThread.run(Threads.java:103) [AutoSaveWorld.jar:?]
[02:49:33] [AutoSaveWorld AutoSaveThread/ERROR]: [AutoSaveWorld] Could not dump RegionFileCache
java.lang.RuntimeException: Can't find method saveLevel with params length 0
	at autosaveworld.utils.ReflectionUtils.getMethod(ReflectionUtils.java:49) ~[AutoSaveWorld.jar:?]
	at autosaveworld.features.save.AutoSaveThread.dumpRegionCache(AutoSaveThread.java:135) [AutoSaveWorld.jar:?]
	at autosaveworld.features.save.AutoSaveThread.performSave(AutoSaveThread.java:122) [AutoSaveWorld.jar:?]
	at autosaveworld.features.save.AutoSaveThread.doTask(AutoSaveThread.java:70) [AutoSaveWorld.jar:?]
	at autosaveworld.utils.Threads$IntervalTaskThread.run(Threads.java:103) [AutoSaveWorld.jar:?]
[02:49:33] [AutoSaveWorld AutoSaveThread/ERROR]: [AutoSaveWorld] Could not dump RegionFileCache
java.lang.RuntimeException: Can't find method saveLevel with params length 0
	at autosaveworld.utils.ReflectionUtils.getMethod(ReflectionUtils.java:49) ~[AutoSaveWorld.jar:?]
	at autosaveworld.features.save.AutoSaveThread.dumpRegionCache(AutoSaveThread.java:135) [AutoSaveWorld.jar:?]
	at autosaveworld.features.save.AutoSaveThread.performSave(AutoSaveThread.java:122) [AutoSaveWorld.jar:?]
	at autosaveworld.features.save.AutoSaveThread.doTask(AutoSaveThread.java:70) [AutoSaveWorld.jar:?]
	at autosaveworld.utils.Threads$IntervalTaskThread.run(Threads.java:103) [AutoSaveWorld.jar:?]
[02:49:33] [AutoSaveWorld AutoSaveThread/INFO]: [0;34;1mAutoSave Complete[m
[03:04:34] [AutoSaveWorld AutoSaveThread/INFO]: [0;34;1mAutoSaving[m
[03:04:35] [AutoSaveWorld AutoSaveThread/ERROR]: [AutoSaveWorld] Could not dump RegionFileCache
java.lang.RuntimeException: Can't find method saveLevel with params length 0
	at autosaveworld.utils.ReflectionUtils.getMethod(ReflectionUtils.java:49) ~[AutoSaveWorld.jar:?]
	at autosaveworld.features.save.AutoSaveThread.dumpRegionCache(AutoSaveThread.java:135) [AutoSaveWorld.jar:?]
	at autosaveworld.features.save.AutoSaveThread.performSave(AutoSaveThread.java:122) [AutoSaveWorld.jar:?]
	at autosaveworld.features.save.AutoSaveThread.doTask(AutoSaveThread.java:70) [AutoSaveWorld.jar:?]
	at autosaveworld.utils.Threads$IntervalTaskThread.run(Threads.java:103) [AutoSaveWorld.jar:?]
[03:04:35] [AutoSaveWorld AutoSaveThread/ERROR]: [AutoSaveWorld] Could not dump RegionFileCache
java.lang.RuntimeException: Can't find method saveLevel with params length 0
	at autosaveworld.utils.ReflectionUtils.getMethod(ReflectionUtils.java:49) ~[AutoSaveWorld.jar:?]
	at autosaveworld.features.save.AutoSaveThread.dumpRegionCache(AutoSaveThread.java:135) [AutoSaveWorld.jar:?]
	at autosaveworld.features.save.AutoSaveThread.performSave(AutoSaveThread.java:122) [AutoSaveWorld.jar:?]
	at autosaveworld.features.save.AutoSaveThread.doTask(AutoSaveThread.java:70) [AutoSaveWorld.jar:?]
	at autosaveworld.utils.Threads$IntervalTaskThread.run(Threads.java:103) [AutoSaveWorld.jar:?]
[03:04:35] [AutoSaveWorld AutoSaveThread/ERROR]: [AutoSaveWorld] Could not dump RegionFileCache
java.lang.RuntimeException: Can't find method saveLevel with params length 0
	at autosaveworld.utils.ReflectionUtils.getMethod(ReflectionUtils.java:49) ~[AutoSaveWorld.jar:?]
	at autosaveworld.features.save.AutoSaveThread.dumpRegionCache(AutoSaveThread.java:135) [AutoSaveWorld.jar:?]
	at autosaveworld.features.save.AutoSaveThread.performSave(AutoSaveThread.java:122) [AutoSaveWorld.jar:?]
	at autosaveworld.features.save.AutoSaveThread.doTask(AutoSaveThread.java:70) [AutoSaveWorld.jar:?]
	at autosaveworld.utils.Threads$IntervalTaskThread.run(Threads.java:103) [AutoSaveWorld.jar:?]
[03:04:35] [AutoSaveWorld AutoSaveThread/INFO]: [0;34;1mAutoSave Complete[m
[03:19:36] [AutoSaveWorld AutoSaveThread/INFO]: [0;34;1mAutoSaving[m
[03:19:36] [AutoSaveWorld AutoSaveThread/ERROR]: [AutoSaveWorld] Could not dump RegionFileCache
java.lang.RuntimeException: Can't find method saveLevel with params length 0
	at autosaveworld.utils.ReflectionUtils.getMethod(ReflectionUtils.java:49) ~[AutoSaveWorld.jar:?]
	at autosaveworld.features.save.AutoSaveThread.dumpRegionCache(AutoSaveThread.java:135) [AutoSaveWorld.jar:?]
	at autosaveworld.features.save.AutoSaveThread.performSave(AutoSaveThread.java:122) [AutoSaveWorld.jar:?]
	at autosaveworld.features.save.AutoSaveThread.doTask(AutoSaveThread.java:70) [AutoSaveWorld.jar:?]
	at autosaveworld.utils.Threads$IntervalTaskThread.run(Threads.java:103) [AutoSaveWorld.jar:?]
[03:19:36] [AutoSaveWorld AutoSaveThread/ERROR]: [AutoSaveWorld] Could not dump RegionFileCache
java.lang.RuntimeException: Can't find method saveLevel with params length 0
	at autosaveworld.utils.ReflectionUtils.getMethod(ReflectionUtils.java:49) ~[AutoSaveWorld.jar:?]
	at autosaveworld.features.save.AutoSaveThread.dumpRegionCache(AutoSaveThread.java:135) [AutoSaveWorld.jar:?]
	at autosaveworld.features.save.AutoSaveThread.performSave(AutoSaveThread.java:122) [AutoSaveWorld.jar:?]
	at autosaveworld.features.save.AutoSaveThread.doTask(AutoSaveThread.java:70) [AutoSaveWorld.jar:?]
	at autosaveworld.utils.Threads$IntervalTaskThread.run(Threads.java:103) [AutoSaveWorld.jar:?]
[03:19:36] [AutoSaveWorld AutoSaveThread/ERROR]: [AutoSaveWorld] Could not dump RegionFileCache
java.lang.RuntimeException: Can't find method saveLevel with params length 0
	at autosaveworld.utils.ReflectionUtils.getMethod(ReflectionUtils.java:49) ~[AutoSaveWorld.jar:?]
	at autosaveworld.features.save.AutoSaveThread.dumpRegionCache(AutoSaveThread.java:135) [AutoSaveWorld.jar:?]
	at autosaveworld.features.save.AutoSaveThread.performSave(AutoSaveThread.java:122) [AutoSaveWorld.jar:?]
	at autosaveworld.features.save.AutoSaveThread.doTask(AutoSaveThread.java:70) [AutoSaveWorld.jar:?]
	at autosaveworld.utils.Threads$IntervalTaskThread.run(Threads.java:103) [AutoSaveWorld.jar:?]
[03:19:36] [AutoSaveWorld AutoSaveThread/INFO]: [0;34;1mAutoSave Complete[m
[03:34:37] [AutoSaveWorld AutoSaveThread/INFO]: [0;34;1mAutoSaving[m
[03:34:38] [AutoSaveWorld AutoSaveThread/ERROR]: [AutoSaveWorld] Could not dump RegionFileCache
java.lang.RuntimeException: Can't find method saveLevel with params length 0
	at autosaveworld.utils.ReflectionUtils.getMethod(ReflectionUtils.java:49) ~[AutoSaveWorld.jar:?]
	at autosaveworld.features.save.AutoSaveThread.dumpRegionCache(AutoSaveThread.java:135) [AutoSaveWorld.jar:?]
	at autosaveworld.features.save.AutoSaveThread.performSave(AutoSaveThread.java:122) [AutoSaveWorld.jar:?]
	at autosaveworld.features.save.AutoSaveThread.doTask(AutoSaveThread.java:70) [AutoSaveWorld.jar:?]
	at autosaveworld.utils.Threads$IntervalTaskThread.run(Threads.java:103) [AutoSaveWorld.jar:?]
[03:34:38] [AutoSaveWorld AutoSaveThread/ERROR]: [AutoSaveWorld] Could not dump RegionFileCache
java.lang.RuntimeException: Can't find method saveLevel with params length 0
	at autosaveworld.utils.ReflectionUtils.getMethod(ReflectionUtils.java:49) ~[AutoSaveWorld.jar:?]
	at autosaveworld.features.save.AutoSaveThread.dumpRegionCache(AutoSaveThread.java:135) [AutoSaveWorld.jar:?]
	at autosaveworld.features.save.AutoSaveThread.performSave(AutoSaveThread.java:122) [AutoSaveWorld.jar:?]
	at autosaveworld.features.save.AutoSaveThread.doTask(AutoSaveThread.java:70) [AutoSaveWorld.jar:?]
	at autosaveworld.utils.Threads$IntervalTaskThread.run(Threads.java:103) [AutoSaveWorld.jar:?]
[03:34:38] [AutoSaveWorld AutoSaveThread/ERROR]: [AutoSaveWorld] Could not dump RegionFileCache
java.lang.RuntimeException: Can't find method saveLevel with params length 0
	at autosaveworld.utils.ReflectionUtils.getMethod(ReflectionUtils.java:49) ~[AutoSaveWorld.jar:?]
	at autosaveworld.features.save.AutoSaveThread.dumpRegionCache(AutoSaveThread.java:135) [AutoSaveWorld.jar:?]
	at autosaveworld.features.save.AutoSaveThread.performSave(AutoSaveThread.java:122) [AutoSaveWorld.jar:?]
	at autosaveworld.features.save.AutoSaveThread.doTask(AutoSaveThread.java:70) [AutoSaveWorld.jar:?]
	at autosaveworld.utils.Threads$IntervalTaskThread.run(Threads.java:103) [AutoSaveWorld.jar:?]
[03:34:38] [AutoSaveWorld AutoSaveThread/INFO]: [0;34;1mAutoSave Complete[m
[03:38:19] [Server thread/INFO]: CONSOLE issued server command: /list 
[03:38:21] [Server thread/INFO]: [0;33;22mThere are [0;31;1m0[0;33;22m out of maximum [0;31;1m20[0;33;22m players online.[m
[03:38:32] [Server thread/INFO]: Stopping the server
[03:38:32] [Server thread/INFO]: Stopping server
[03:38:32] [Server thread/INFO]: [EssentialsChat] Disabling EssentialsChat v2.17.0.0
[03:38:32] [Server thread/INFO]: [EssentialsProtect] Disabling EssentialsProtect v2.17.0.0
[03:38:32] [Server thread/INFO]: [Essentials] Disabling Essentials v2.17.0.0
[03:38:32] [Server thread/INFO]: [LockettePro] Disabling LockettePro v2.9.5-1.14
[03:38:32] [Server thread/INFO]: [SkinsRestorer] Disabling SkinsRestorer v13.7.0-SNAPSHOT
[03:38:32] [Server thread/INFO]: [AutoSaveWorld] Disabling AutoSaveWorld v4.15
[03:38:32] [Server thread/INFO]: [0;34;1mAutoSaving[m
[03:38:33] [Server thread/INFO]: [0;34;1mAutoSave Complete[m
[03:38:37] [Server thread/INFO]: [PermissionsEx] Disabling PermissionsEx v1.23.4
[03:38:37] [Server thread/INFO]: Saving players
[03:38:37] [Server thread/INFO]: Saving worlds
[03:38:37] [Server thread/INFO]: Saving chunks for level 'world'/minecraft:overworld
[03:38:37] [Server thread/INFO]: ThreadedAnvilChunkStorage (world): All chunks are saved
[03:38:37] [Server thread/INFO]: Saving chunks for level 'world_nether'/minecraft:the_nether
[03:38:37] [Server thread/INFO]: ThreadedAnvilChunkStorage (DIM-1): All chunks are saved
[03:38:37] [Server thread/INFO]: Saving chunks for level 'world_the_end'/minecraft:the_end
[03:38:37] [Server thread/INFO]: ThreadedAnvilChunkStorage (DIM1): All chunks are saved
[03:38:37] [Server thread/INFO]: ThreadedAnvilChunkStorage (world): All chunks are saved
[03:38:37] [Server thread/INFO]: ThreadedAnvilChunkStorage (DIM-1): All chunks are saved
[03:38:37] [Server thread/INFO]: ThreadedAnvilChunkStorage (DIM1): All chunks are saved
